2022-04-09T00:03:36Z [INFO] create-database "Created database in WAL mode - makefile_analytics_project.db"
2022-04-09T00:03:36Z [INFO] create-REF_CALENDAR_001 "Executed REF_CALENDAR_001_create.sql on makefile_analytics_project.db"
2022-04-09T00:03:36Z [INFO] metric-REF_CALENDAR_001 "1462 records in makefile_analytics_project.db.REF_CALENDAR_001"
2022-04-09T00:03:36Z [INFO] META_TABLES_001 "11 records in makefile_analytics_project.db.META_TABLES_001"
2022-04-09T00:03:36Z [INFO] database_schema.png "Executed er-digram and exported to database_schema.png"
2022-04-09T00:03:37Z [INFO] database_schema.er "Executed er-digram and exported to database_schema.er"
2022-04-09T00:04:16Z [INFO] update-homebrew "Homebrew software updated"
2022-04-09T00:04:36Z [INFO] update-pip-packages "Python pip packages upgraded - requirements.txt"
2022-04-09T00:04:38Z [INFO] directory_listing.txt "Created directory list at directory_listing.txt"
2022-04-09T00:04:38Z [INFO] brew_packages_base.txt "Created brew_packages_base.txt"
2022-04-09T00:04:38Z [INFO] brew_packages_installed.txt "Created brew_packages_installed.txt"
2022-04-09T00:04:39Z [INFO] create-database "Created database in WAL mode - makefile_analytics_project.db"
2022-04-09T00:04:40Z [INFO] database_schema.png "Executed er-digram and exported to database_schema.png"
2022-04-09T00:04:40Z [INFO] database_schema.er "Executed er-digram and exported to database_schema.er"
2022-04-09T00:04:41Z [INFO] create-REF_CALENDAR_001 "Executed REF_CALENDAR_001_create.sql on makefile_analytics_project.db"
2022-04-09T00:04:41Z [INFO] META_TABLES_001 "11 records in makefile_analytics_project.db.META_TABLES_001"
2022-04-09T00:04:41Z [INFO] makefile_graph.png "Created makefile diagram at makefile_graph.png"
2022-04-09T00:05:03Z [INFO] update-homebrew "Homebrew software updated"
2022-04-09T00:05:10Z [INFO] update-pip-packages "Python pip packages upgraded - requirements.txt"
2022-04-09T00:05:12Z [INFO] directory_listing.txt "Created directory list at directory_listing.txt"
2022-04-09T00:05:12Z [INFO] brew_packages_base.txt "Created brew_packages_base.txt"
2022-04-09T00:05:12Z [INFO] brew_packages_installed.txt "Created brew_packages_installed.txt"
2022-04-09T00:05:13Z [INFO] create-database "Created database in WAL mode - makefile_analytics_project.db"
2022-04-09T00:05:13Z [INFO] database_schema.png "Executed er-digram and exported to database_schema.png"
2022-04-09T00:05:14Z [INFO] database_schema.er "Executed er-digram and exported to database_schema.er"
2022-04-09T00:05:14Z [INFO] create-REF_CALENDAR_001 "Executed REF_CALENDAR_001_create.sql on makefile_analytics_project.db"
2022-04-09T00:05:14Z [INFO] META_TABLES_001 "11 records in makefile_analytics_project.db.META_TABLES_001"
2022-04-09T00:05:15Z [INFO] makefile_graph.png "Created makefile diagram at makefile_graph.png"
2022-04-09T00:05:37Z [INFO] update-homebrew "Homebrew software updated"
2022-04-09T00:05:42Z [INFO] update-pip-packages "Python pip packages upgraded - requirements.txt"
2022-04-09T00:05:44Z [INFO] directory_listing.txt "Created directory list at directory_listing.txt"
2022-04-09T00:05:44Z [INFO] brew_packages_base.txt "Created brew_packages_base.txt"
2022-04-09T00:05:44Z [INFO] brew_packages_installed.txt "Created brew_packages_installed.txt"
2022-04-09T00:05:45Z [INFO] create-database "Created database in WAL mode - makefile_analytics_project.db"
2022-04-09T00:05:45Z [INFO] database_schema.png "Executed er-digram and exported to database_schema.png"
2022-04-09T00:05:46Z [INFO] database_schema.er "Executed er-digram and exported to database_schema.er"
2022-04-09T00:05:47Z [INFO] create-REF_CALENDAR_001 "Executed REF_CALENDAR_001_create.sql on makefile_analytics_project.db"
2022-04-09T00:05:47Z [INFO] META_TABLES_001 "11 records in makefile_analytics_project.db.META_TABLES_001"
2022-04-09T00:05:47Z [INFO] makefile_graph.png "Created makefile diagram at makefile_graph.png"
2022-04-09T00:14:48Z [INFO] makefile_graph.png "Created makefile diagram at makefile_graph.png"
2022-04-09T00:15:53Z [INFO] makefile_graph.png "Created makefile diagram at makefile_graph.png"
2022-04-09T00:16:54Z [INFO] makefile_graph.png "Created makefile diagram at makefile_graph.png"
2022-04-09T00:17:09Z [INFO] makefile_graph.png "Created makefile diagram at makefile_graph.png"
2022-04-09T00:17:17Z [INFO] makefile_graph.png "Created makefile diagram at makefile_graph.png"
2022-04-09T00:23:57Z [INFO] makefile_graph.png "Created makefile diagram at makefile_graph.png"
2022-04-11T19:10:42Z [INFO] update-homebrew "Homebrew software updated"
2022-04-11T19:11:05Z [INFO] update-pip-packages "Python pip packages upgraded - requirements.txt"
2022-04-11T19:11:07Z [INFO] directory_listing.txt "Created directory list at directory_listing.txt"
2022-04-11T19:11:07Z [INFO] brew_packages_base.txt "Created brew_packages_base.txt"
2022-04-11T19:11:07Z [INFO] brew_packages_installed.txt "Created brew_packages_installed.txt"
2022-04-11T19:11:09Z [INFO] create-database "Created database in WAL mode - makefile_analytics_project.db"
2022-04-11T19:11:09Z [INFO] database_schema.png "Executed er-digram and exported to database_schema.png"
2022-04-11T19:11:10Z [INFO] database_schema.er "Executed er-digram and exported to database_schema.er"
2022-04-11T19:11:10Z [INFO] create-REF_CALENDAR_001 "Executed REF_CALENDAR_001_create.sql on makefile_analytics_project.db"
2022-04-11T19:11:10Z [INFO] META_TABLES_001 "11 records in makefile_analytics_project.db.META_TABLES_001"
2022-04-11T19:11:11Z [INFO] makefile_graph.png "Created makefile diagram at makefile_graph.png"
2022-04-11T19:11:27Z [INFO] update-macos "macOS software updated"
2022-04-11T19:31:35Z [INFO] update-homebrew "Homebrew software updated"
2022-04-11T19:31:43Z [INFO] update-pip-packages "Python pip packages upgraded - requirements.txt"
2022-04-11T19:31:46Z [INFO] directory_listing.txt "Created directory list at directory_listing.txt"
2022-04-11T19:31:46Z [INFO] brew_packages_base.txt "Created brew_packages_base.txt"
2022-04-11T19:31:46Z [INFO] brew_packages_installed.txt "Created brew_packages_installed.txt"
2022-04-11T19:31:47Z [INFO] create-database "Created database in WAL mode - makefile_analytics_project.db"
2022-04-11T19:31:47Z [INFO] database_schema.png "Executed er-digram and exported to database_schema.png"
2022-04-11T19:31:48Z [INFO] database_schema.er "Executed er-digram and exported to database_schema.er"
2022-04-11T19:31:48Z [INFO] create-REF_CALENDAR_001 "Executed REF_CALENDAR_001_create.sql on makefile_analytics_project.db"
2022-04-11T19:31:48Z [INFO] META_TABLES_001 "11 records in makefile_analytics_project.db.META_TABLES_001"
2022-04-11T19:31:48Z [INFO] makefile_graph.png "Created makefile diagram at makefile_graph.png"
2022-04-11T19:32:02Z [INFO] create-database "Created database in WAL mode - makefile_analytics_project.db"
2022-04-11T20:05:19Z [INFO] makefile_graph.png "Created makefile diagram at makefile_graph.png"
2022-04-11T20:05:20Z [INFO] directory_listing.txt "Created directory list at directory_listing.txt"
2022-04-11T20:05:20Z [INFO] database_schema.png "Executed er-digram and exported to database_schema.png"
2022-04-11T20:05:21Z [INFO] database_schema.er "Executed er-digram and exported to database_schema.er"
2022-04-11T20:10:30Z [INFO] makefile_graph.png "Created makefile diagram at makefile_graph.png"
2022-04-11T20:10:32Z [INFO] directory_listing.txt "Created directory list at directory_listing.txt"
2022-04-11T20:10:32Z [INFO] database_schema.png "Executed er-digram and exported to database_schema.png"
2022-04-11T20:10:33Z [INFO] database_schema.er "Executed er-digram and exported to database_schema.er"
2022-04-11T20:21:54Z [INFO] makefile_graph.png "Created makefile diagram at makefile_graph.png"
2022-04-11T20:21:55Z [INFO] directory_listing.txt "Created directory list at directory_listing.txt"
2022-04-11T20:21:55Z [INFO] database_schema.png "Executed er-digram and exported to database_schema.png"
2022-04-11T20:21:56Z [INFO] database_schema.er "Executed er-digram and exported to database_schema.er"
2022-04-11T22:13:29Z [INFO] create-database "Created database in WAL mode - makefile_analytics_project.db"
2022-04-11T22:14:01Z [INFO] create-database "Created database in WAL mode - makefile_analytics_project.db"
2022-04-11T22:15:02Z [INFO] metadata.yaml "Created metadata.yaml"
2022-04-11T22:16:07Z [INFO] metadata.yaml "Created metadata.yaml"
2022-04-11T22:16:20Z [INFO] metadata.yaml "Created metadata.yaml"
2022-04-11T22:16:20Z [INFO] create-database "Created database in WAL mode - makefile_analytics_project.db"
2022-04-11T22:29:29Z [INFO] makefile_graph.png "Created makefile diagram at makefile_graph.png"
2022-04-11T22:29:30Z [INFO] directory_listing.txt "Created directory list at directory_listing.txt"
2022-04-11T22:29:30Z [INFO] er_relationships.txt "Created er_relationships.txt"
2022-04-11T22:29:30Z [INFO] database_schema.png "Executed er-digram and exported to database_schema.png"
2022-04-11T22:29:30Z [INFO] database_schema.er "Executed er-digram and exported to database_schema.er"
