2022-04-12T21:34:19Z [INFO] installdirs "Executed installdirs"
2022-04-12T21:34:19Z [INFO] .gitignore "Created .gitignore"
2022-04-12T21:34:19Z [INFO] README-TEMPLATE.md "Created README-TEMPLATE.md"
2022-04-12T21:34:19Z [INFO] config/homebrew/brew_packages_base.txt "Created config/homebrew/brew_packages_base.txt"
2022-04-12T21:34:19Z [INFO] config/homebrew/brew_packages_installed.txt "Created config/homebrew/brew_packages_installed.txt"
2022-04-12T21:34:20Z [INFO] config/python/requirements_base.txt "Created config/python/requirements_base.txt"
2022-04-12T21:34:20Z [INFO] install-python-local-virtualenv "Python location - /Users/brianmcmillan/.pyenv/versions/3.10.2/bin/python"
2022-04-12T21:34:20Z [INFO] install-python-local-virtualenv "PIP location - /Users/brianmcmillan/.pyenv/versions/3.10.2/bin/pip"
2022-04-12T21:34:21Z [INFO] install-pip-packages "Python pip packages installed - requirements.txt"
2022-04-12T21:36:51Z [INFO] config/python/requirements_base.txt "Created config/python/requirements_base.txt"
2022-04-12T21:36:51Z [INFO] config/python/requirements.txt "Python pip packages installed - requirements.txt"
2022-04-12T21:37:12Z [INFO] config/python/requirements_base.txt "Created config/python/requirements_base.txt"
2022-04-12T21:37:12Z [INFO] config/python/requirements.txt "Python pip packages installed - requirements.txt"
2022-04-12T21:40:05Z [INFO] update-homebrew "Homebrew software updated"
2022-04-12T21:57:47Z [INFO] update-macos "macOS software updated"
2022-04-12T22:00:06Z [INFO] update-homebrew "Homebrew software updated"
2022-04-12T22:02:31Z [INFO] update-macos "macOS software updated"
2022-04-12T22:02:38Z [INFO] config/homebrew/brew_packages_base.txt "Created config/homebrew/brew_packages_base.txt"
2022-04-12T22:02:38Z [INFO] update-homebrew "Homebrew software updated"
2022-04-12T22:02:44Z [INFO] config/python/requirements_base.txt "Created config/python/requirements_base.txt"
2022-04-12T22:02:44Z [INFO] update-pip-packages "Python pip packages upgraded - requirements.txt"
2022-04-12T22:04:11Z [INFO] update-macos "macOS software updated"
2022-04-12T22:04:23Z [INFO] config/homebrew/brew_packages_base.txt "Created config/homebrew/brew_packages_base.txt"
2022-04-12T22:04:23Z [INFO] update-homebrew "Homebrew software updated"
2022-04-12T22:04:28Z [INFO] config/python/requirements_base.txt "Created config/python/requirements_base.txt"
2022-04-12T22:04:28Z [INFO] update-pip-packages "Python pip packages upgraded - requirements.txt"
2022-04-12T22:21:37Z [INFO] config/datasette/metadata.yaml "Created config/datasette/metadata.yaml"
2022-04-12T22:22:53Z [INFO] config/datasette/metadata_2.yaml "Created config/datasette/metadata_2.yaml"
2022-04-12T22:24:13Z [INFO] config/datasette/metadata_2.yaml "Created config/datasette/metadata_2.yaml"
2022-04-12T22:25:47Z [INFO] REF_CALENDAR_001_create.sql "Created REF_CALENDAR_001_create.sql"
2022-04-12T22:25:47Z [INFO] create-database "Created database in WAL mode - makefile_analytics_project.db"
2022-04-12T22:25:48Z [INFO] create-REF_CALENDAR_001 "Executed REF_CALENDAR_001_create.sql on makefile_analytics_project.db"
2022-04-12T22:25:48Z [INFO] metric-REF_CALENDAR_001 "1462 records in makefile_analytics_project.db.REF_CALENDAR_001"
2022-04-12T22:25:48Z [INFO] META_TABLES_001 ""
2022-04-12T22:25:48Z [INFO] er_relationships.txt "Created er_relationships.txt"
2022-04-12T22:25:48Z [INFO] database_schema.png "Executed er-digram and exported to database_schema.png"
2022-04-12T22:25:50Z [INFO] database_schema.er "Executed er-digram and exported to database_schema.er"
2022-04-12T22:27:22Z [INFO] create-database "Created database in WAL mode - makefile_analytics_project.db"
2022-04-12T22:31:02Z [INFO] src/templates/README-TEMPLATE.md "Created src/templates/README-TEMPLATE.md"
2022-04-12T22:31:02Z [INFO] src/templates/LICENSE.md "Created src/templates/LICENSE.md"
2022-04-12T22:47:36Z [INFO] src/templates/AUTHORS.md "Created src/templates/AUTHORS.md"
2022-04-12T22:47:36Z [INFO] src/templates/CHANGELOG.md "Created src/templates/CHANGELOG.md"
2022-04-12T22:47:36Z [INFO] src/templates/NEWS.md "Created src/templates/NEWS.md"
2022-04-12T22:47:36Z [INFO] config/cron/crontab.txt "Created config/cron/crontab.txt"
2022-04-12T22:47:36Z [INFO] config/datasette/metadata.yaml "Created config/datasette/metadata.yaml"
2022-04-12T23:03:26Z [INFO] config/datasette/requirements.txt "Created config/datasette/requirements.txt"
2022-04-12T23:03:26Z [INFO] config/datasette/datasette_settings.txt "Created config/datasette/datasette_settings.txt"
2022-04-12T23:03:26Z [INFO] src/templates/header.sql "Created src/templates/header.sql"
2022-04-12T23:03:26Z [INFO] src/templates/er_relationships.txt "Created src/templates/er_relationships.txt"
2022-04-12T23:13:59Z [INFO] config/vega/vega_embed_header.viz "Created config/vega/vega_embed_header.viz"
2022-04-12T23:13:59Z [INFO] config/vega/vega_embed_footer.viz "Created config/vega/vega_embed_footer.viz"
2022-04-12T23:13:59Z [INFO] config/vega/vega_bar_chart.vega "Created config/vega/vega_bar_chart.vega"
2022-04-12T23:13:59Z [INFO] config/vega/vega_line_chart.vega "Created config/vega/vega_line_chart.vega"
2022-04-12T23:13:59Z [INFO] config/vega/vega_scatter_chart.vega "Created config/vega/vega_scatter_chart.vega"
2022-04-12T23:15:52Z [INFO] config/sql_ddl/er_relationships.txt "Created config/sql_ddl/er_relationships.txt"
2022-04-14T03:13:14Z [INFO] create-database "Created database in WAL mode - makefile_analytics_project.db"
2022-04-14T03:59:45Z [INFO] config/sql_ddl/er_relationships_TEMPLATE.txt "Created config/sql_ddl/er_relationships_TEMPLATE.txt"
2022-04-14T04:02:56Z [INFO] create-database "Created database in WAL mode - makefile_analytics_project.db"
2022-04-14T04:02:57Z [INFO] REF_CALENDAR_001_create.sql "Created REF_CALENDAR_001_create.sql"
2022-04-14T04:02:57Z [INFO] create-REF_CALENDAR_001 "Executed REF_CALENDAR_001_create.sql on makefile_analytics_project.db"
2022-04-14T04:02:57Z [INFO] META_TABLES_001 "11 records in makefile_analytics_project.db.META_TABLES_001"
2022-04-14T16:43:38Z [INFO] build/metadata/directory_listing.txt "Created directory list at build/metadata/directory_listing.txt"
2022-04-14T17:42:56Z [INFO] build/metadata/makefile_graph.png "Created makefile diagram at build/metadata/makefile_graph.png"
2022-04-14T17:43:38Z [INFO] build/metadata/makefile_graph.png "Created makefile diagram at build/metadata/makefile_graph.png"
2022-04-14T17:44:17Z [INFO] build/metadata/directory_listing.txt "Created directory list at build/metadata/directory_listing.txt"
2022-04-14T17:48:29Z [INFO] build/metadata/database_schema.er "Executed er-digram and exported to build/metadata/database_schema.er"
2022-04-14T17:55:36Z [INFO] src/templates/er_relationships.txt "Created src/templates/er_relationships.txt"
2022-04-14T18:00:44Z [INFO] config/sql_ddl/er_relationships.txt "Created config/sql_ddl/er_relationships.txt"
2022-04-14T18:00:44Z [INFO] build/metadata/database_schema.er "Executed er-digram and exported to build/metadata/database_schema.er"
2022-04-14T18:01:38Z [INFO] build/metadata/er_relationships.txt "Created build/metadata/er_relationships.txt"
2022-04-14T18:01:38Z [INFO] build/metadata/database_schema.er "Executed er-digram and exported to build/metadata/database_schema.er"
2022-04-14T18:02:07Z [INFO] build/metadata/database_schema.png "Executed er-digram and exported to build/metadata/database_schema.png"
2022-04-14T18:02:50Z [INFO] build/metadata/makefile_graph.png "Created makefile diagram at build/metadata/makefile_graph.png"
2022-04-14T18:02:50Z [INFO] build/metadata/database_schema.png "Executed er-digram and exported to build/metadata/database_schema.png"
2022-04-14T18:02:51Z [INFO] build/metadata/database_schema.er "Executed er-digram and exported to build/metadata/database_schema.er"
2022-04-14T18:02:51Z [INFO] build/metadata/directory_listing.txt "Created directory list at build/metadata/directory_listing.txt"
